Lua 5.3.3  Copyright (C) 1994-2016 Lua.org, PUC-Rio
found scene block
constructing face normal from first three vertices of f1 only...
Auto-generated: box#1
Auto-generated: sphere#1
Auto-generated: sphere#2
Cannot handle objects of type tetrahedron; ignoring...
end of scene block
found camera block
end of camera block
Camera frontplane specified by halfangle / ratio

> query.frustum()
In (d,u,r) co-ords v_bl= (1.340,-0.774,-1.031)
                   v_tl= (1.340,0.774,-1.031)
                   v_br= (1.340,-0.774,1.031)
                   v_tr= (1.340,0.774,1.031)
                   w_bl= (2.750,-1.588,-2.116)
                   w_tl= (2.750,1.588,-2.116)
                   w_br= (2.750,-1.588,2.116)
                   w_tr= (2.750,1.588,2.116)
In (x,y,z) co-ords v_bl= (2.819, 1.142, 1.360)
                   v_tl= (2.187, 2.405, 0.729)
                   v_br= (1.360, 1.142, 2.819)
                   v_tr= (0.729, 2.405, 2.187)
                   w_bl= (4.732, 1.291, 1.739)
                   w_tl= (3.436, 3.884, 0.443)
                   w_br= (1.739, 1.291, 4.732)
                   w_tr= (0.443, 3.884, 3.436)
The frustrum planes: front: n=(1.000,-0.000,0.000); p=(1.340,-0.774,1.031)
                      back: n=(-1.000,-0.000,0.000); p=(2.750,-1.588,-2.116)
                       top: n=(0.500,-0.866,0.000); p=(0.000,0.000,0.000)
                    bottom: n=(0.500,0.866,0.000); p=(0.000,0.000,0.000)
                      left: n=(0.610,-0.000,0.792); p=(0.000,0.000,0.000)
                     right: n=(0.610,-0.000,-0.792); p=(0.000,0.000,0.000)
> 
